<?xml version="1.0" encoding="UTF-8"?>
<!-- Generated by org.testng.reporters.JUnitXMLReporter -->
<testsuite hostname="idea-PC" ignored="0" name="Test 1" tests="16" failures="0" timestamp="01 Mar 2018 19:03:26 GMT" time="489.745" errors="0">
  <testcase name="validatedWelcomAdminButtonDisplay1Test" time="0.656" classname="com.hrm.qa.testcases.HomePageTest"/>
  <testcase name="loginPageTitleTest" time="0.036" classname="com.hrm.qa.testcases.LoginPageTest"/>
  <testcase name="validateWelcomAdminButtonEnableTest" time="0.04" classname="com.hrm.qa.testcases.HomePageTest"/>
  <testcase name="validateCredentialsLabelTest" time="0.079" classname="com.hrm.qa.testcases.LoginPageTest"/>
  <testcase name="validateAboutLinkButtonDisplayTest" time="0.056" classname="com.hrm.qa.testcases.HomePageTest"/>
  <testcase name="validateOrangehrmImageTest" time="0.078" classname="com.hrm.qa.testcases.LoginPageTest"/>
  <testcase name="validateAboutLinkButtonEnableTest" time="0.031" classname="com.hrm.qa.testcases.HomePageTest"/>
  <testcase name="loginTest" time="0.627" classname="com.hrm.qa.testcases.LoginPageTest"/>
  <testcase name="validatedLogoutButtonDisplayTest" time="0.07" classname="com.hrm.qa.testcases.HomePageTest"/>
  <testcase name="validateUsernameButtonTest" time="0.036" classname="com.hrm.qa.testcases.LoginPageTest"/>
  <testcase name="validatedLogoutButtonEnableTest" time="0.015" classname="com.hrm.qa.testcases.HomePageTest"/>
  <testcase name="validatePasswordButtonTest" time="0.035" classname="com.hrm.qa.testcases.LoginPageTest"/>
  <testcase name="validateAdminButtonTest" time="0.016" classname="com.hrm.qa.testcases.HomePageTest"/>
  <testcase name="validateloginButtonTest" time="0.031" classname="com.hrm.qa.testcases.LoginPageTest"/>
  <testcase name="validateErrorMessageTest" time="0.222" classname="com.hrm.qa.testcases.LoginPageTest"/>
  <testcase name="loginFunctionTest" time="0.678" classname="com.hrm.qa.testcases.LoginPageTest"/>
</testsuite> <!-- Test 1 -->
