<?xml version="1.0" encoding="UTF-8"?>
<testng-results skipped="0" failed="0" ignored="0" total="16" passed="16">
  <reporter-output>
  </reporter-output>
  <suite name="suite" duration-ms="489745" started-at="2018-03-01T18:55:16Z" finished-at="2018-03-01T19:03:26Z">
    <groups>
    </groups>
    <test name="Test 1" duration-ms="489745" started-at="2018-03-01T18:55:16Z" finished-at="2018-03-01T19:03:26Z">
      <class name="com.hrm.qa.testcases.LoginPageTest">
        <test-method status="PASS" signature="setUp()[pri:0, instance:com.hrm.qa.testcases.LoginPageTest@14bf9759]" name="setUp" is-config="true" duration-ms="30951" started-at="2018-03-02T00:26:07Z" finished-at="2018-03-02T00:26:38Z">
          <reporter-output>
          </reporter-output>
        </test-method> <!-- setUp -->
        <test-method status="PASS" signature="loginPageTitleTest()[pri:1, instance:com.hrm.qa.testcases.LoginPageTest@14bf9759]" name="loginPageTitleTest" duration-ms="36" started-at="2018-03-02T00:26:38Z" finished-at="2018-03-02T00:26:38Z">
          <reporter-output>
          </reporter-output>
        </test-method> <!-- loginPageTitleTest -->
        <test-method status="PASS" signature="end()[pri:0, instance:com.hrm.qa.testcases.LoginPageTest@14bf9759]" name="end" is-config="true" duration-ms="430" started-at="2018-03-02T00:26:38Z" finished-at="2018-03-02T00:26:39Z">
          <reporter-output>
          </reporter-output>
        </test-method> <!-- end -->
        <test-method status="PASS" signature="setUp()[pri:0, instance:com.hrm.qa.testcases.LoginPageTest@14bf9759]" name="setUp" is-config="true" duration-ms="23584" started-at="2018-03-02T00:27:02Z" finished-at="2018-03-02T00:27:26Z">
          <reporter-output>
          </reporter-output>
        </test-method> <!-- setUp -->
        <test-method status="PASS" signature="validateCredentialsLabelTest()[pri:2, instance:com.hrm.qa.testcases.LoginPageTest@14bf9759]" name="validateCredentialsLabelTest" duration-ms="79" started-at="2018-03-02T00:27:26Z" finished-at="2018-03-02T00:27:26Z">
          <reporter-output>
          </reporter-output>
        </test-method> <!-- validateCredentialsLabelTest -->
        <test-method status="PASS" signature="end()[pri:0, instance:com.hrm.qa.testcases.LoginPageTest@14bf9759]" name="end" is-config="true" duration-ms="500" started-at="2018-03-02T00:27:26Z" finished-at="2018-03-02T00:27:27Z">
          <reporter-output>
          </reporter-output>
        </test-method> <!-- end -->
        <test-method status="PASS" signature="setUp()[pri:0, instance:com.hrm.qa.testcases.LoginPageTest@14bf9759]" name="setUp" is-config="true" duration-ms="57690" started-at="2018-03-02T00:27:43Z" finished-at="2018-03-02T00:28:41Z">
          <reporter-output>
          </reporter-output>
        </test-method> <!-- setUp -->
        <test-method status="PASS" signature="validateOrangehrmImageTest()[pri:3, instance:com.hrm.qa.testcases.LoginPageTest@14bf9759]" name="validateOrangehrmImageTest" duration-ms="78" started-at="2018-03-02T00:28:41Z" finished-at="2018-03-02T00:28:41Z">
          <reporter-output>
          </reporter-output>
        </test-method> <!-- validateOrangehrmImageTest -->
        <test-method status="PASS" signature="end()[pri:0, instance:com.hrm.qa.testcases.LoginPageTest@14bf9759]" name="end" is-config="true" duration-ms="406" started-at="2018-03-02T00:28:41Z" finished-at="2018-03-02T00:28:41Z">
          <reporter-output>
          </reporter-output>
        </test-method> <!-- end -->
        <test-method status="PASS" signature="setUp()[pri:0, instance:com.hrm.qa.testcases.LoginPageTest@14bf9759]" name="setUp" is-config="true" duration-ms="21294" started-at="2018-03-02T00:29:17Z" finished-at="2018-03-02T00:29:38Z">
          <reporter-output>
          </reporter-output>
        </test-method> <!-- setUp -->
        <test-method status="PASS" signature="loginTest()[pri:4, instance:com.hrm.qa.testcases.LoginPageTest@14bf9759]" name="loginTest" duration-ms="627" started-at="2018-03-02T00:29:38Z" finished-at="2018-03-02T00:29:39Z">
          <reporter-output>
          </reporter-output>
        </test-method> <!-- loginTest -->
        <test-method status="PASS" signature="end()[pri:0, instance:com.hrm.qa.testcases.LoginPageTest@14bf9759]" name="end" is-config="true" duration-ms="388" started-at="2018-03-02T00:29:39Z" finished-at="2018-03-02T00:29:39Z">
          <reporter-output>
          </reporter-output>
        </test-method> <!-- end -->
        <test-method status="PASS" signature="setUp()[pri:0, instance:com.hrm.qa.testcases.LoginPageTest@14bf9759]" name="setUp" is-config="true" duration-ms="34860" started-at="2018-03-02T00:29:56Z" finished-at="2018-03-02T00:30:31Z">
          <reporter-output>
          </reporter-output>
        </test-method> <!-- setUp -->
        <test-method status="PASS" signature="validateUsernameButtonTest()[pri:5, instance:com.hrm.qa.testcases.LoginPageTest@14bf9759]" name="validateUsernameButtonTest" duration-ms="36" started-at="2018-03-02T00:30:31Z" finished-at="2018-03-02T00:30:31Z">
          <reporter-output>
          </reporter-output>
        </test-method> <!-- validateUsernameButtonTest -->
        <test-method status="PASS" signature="end()[pri:0, instance:com.hrm.qa.testcases.LoginPageTest@14bf9759]" name="end" is-config="true" duration-ms="399" started-at="2018-03-02T00:30:31Z" finished-at="2018-03-02T00:30:31Z">
          <reporter-output>
          </reporter-output>
        </test-method> <!-- end -->
        <test-method status="PASS" signature="setUp()[pri:0, instance:com.hrm.qa.testcases.LoginPageTest@14bf9759]" name="setUp" is-config="true" duration-ms="43360" started-at="2018-03-02T00:31:00Z" finished-at="2018-03-02T00:31:44Z">
          <reporter-output>
          </reporter-output>
        </test-method> <!-- setUp -->
        <test-method status="PASS" signature="validatePasswordButtonTest()[pri:6, instance:com.hrm.qa.testcases.LoginPageTest@14bf9759]" name="validatePasswordButtonTest" duration-ms="35" started-at="2018-03-02T00:31:44Z" finished-at="2018-03-02T00:31:44Z">
          <reporter-output>
          </reporter-output>
        </test-method> <!-- validatePasswordButtonTest -->
        <test-method status="PASS" signature="end()[pri:0, instance:com.hrm.qa.testcases.LoginPageTest@14bf9759]" name="end" is-config="true" duration-ms="294" started-at="2018-03-02T00:31:44Z" finished-at="2018-03-02T00:31:44Z">
          <reporter-output>
          </reporter-output>
        </test-method> <!-- end -->
        <test-method status="PASS" signature="setUp()[pri:0, instance:com.hrm.qa.testcases.LoginPageTest@14bf9759]" name="setUp" is-config="true" duration-ms="33110" started-at="2018-03-02T00:32:09Z" finished-at="2018-03-02T00:32:42Z">
          <reporter-output>
          </reporter-output>
        </test-method> <!-- setUp -->
        <test-method status="PASS" signature="validateloginButtonTest()[pri:7, instance:com.hrm.qa.testcases.LoginPageTest@14bf9759]" name="validateloginButtonTest" duration-ms="31" started-at="2018-03-02T00:32:42Z" finished-at="2018-03-02T00:32:42Z">
          <reporter-output>
          </reporter-output>
        </test-method> <!-- validateloginButtonTest -->
        <test-method status="PASS" signature="end()[pri:0, instance:com.hrm.qa.testcases.LoginPageTest@14bf9759]" name="end" is-config="true" duration-ms="513" started-at="2018-03-02T00:32:42Z" finished-at="2018-03-02T00:32:43Z">
          <reporter-output>
          </reporter-output>
        </test-method> <!-- end -->
        <test-method status="PASS" signature="setUp()[pri:0, instance:com.hrm.qa.testcases.LoginPageTest@14bf9759]" name="setUp" is-config="true" duration-ms="16474" started-at="2018-03-02T00:32:43Z" finished-at="2018-03-02T00:32:59Z">
          <reporter-output>
          </reporter-output>
        </test-method> <!-- setUp -->
        <test-method status="PASS" signature="validateErrorMessageTest()[pri:8, instance:com.hrm.qa.testcases.LoginPageTest@14bf9759]" name="validateErrorMessageTest" duration-ms="222" started-at="2018-03-02T00:32:59Z" finished-at="2018-03-02T00:33:00Z">
          <reporter-output>
          </reporter-output>
        </test-method> <!-- validateErrorMessageTest -->
        <test-method status="PASS" signature="end()[pri:0, instance:com.hrm.qa.testcases.LoginPageTest@14bf9759]" name="end" is-config="true" duration-ms="386" started-at="2018-03-02T00:33:00Z" finished-at="2018-03-02T00:33:00Z">
          <reporter-output>
          </reporter-output>
        </test-method> <!-- end -->
        <test-method status="PASS" signature="setUp()[pri:0, instance:com.hrm.qa.testcases.LoginPageTest@14bf9759]" name="setUp" is-config="true" duration-ms="24822" started-at="2018-03-02T00:33:00Z" finished-at="2018-03-02T00:33:25Z">
          <reporter-output>
          </reporter-output>
        </test-method> <!-- setUp -->
        <test-method status="PASS" signature="loginFunctionTest()[pri:9, instance:com.hrm.qa.testcases.LoginPageTest@14bf9759]" name="loginFunctionTest" duration-ms="678" started-at="2018-03-02T00:33:25Z" finished-at="2018-03-02T00:33:25Z">
          <reporter-output>
          </reporter-output>
        </test-method> <!-- loginFunctionTest -->
        <test-method status="PASS" signature="end()[pri:0, instance:com.hrm.qa.testcases.LoginPageTest@14bf9759]" name="end" is-config="true" duration-ms="509" started-at="2018-03-02T00:33:25Z" finished-at="2018-03-02T00:33:26Z">
          <reporter-output>
          </reporter-output>
        </test-method> <!-- end -->
      </class> <!-- com.hrm.qa.testcases.LoginPageTest -->
      <class name="com.hrm.qa.testcases.HomePageTest">
        <test-method status="PASS" signature="setUp()[pri:0, instance:com.hrm.qa.testcases.HomePageTest@3c0ecd4b]" name="setUp" is-config="true" duration-ms="49809" started-at="2018-03-02T00:25:16Z" finished-at="2018-03-02T00:26:06Z">
          <reporter-output>
          </reporter-output>
        </test-method> <!-- setUp -->
        <test-method status="PASS" signature="validatedWelcomAdminButtonDisplay1Test()[pri:1, instance:com.hrm.qa.testcases.HomePageTest@3c0ecd4b]" name="validatedWelcomAdminButtonDisplay1Test" duration-ms="656" started-at="2018-03-02T00:26:06Z" finished-at="2018-03-02T00:26:07Z">
          <reporter-output>
          </reporter-output>
        </test-method> <!-- validatedWelcomAdminButtonDisplay1Test -->
        <test-method status="PASS" signature="end()[pri:0, instance:com.hrm.qa.testcases.HomePageTest@3c0ecd4b]" name="end" is-config="true" duration-ms="512" started-at="2018-03-02T00:26:07Z" finished-at="2018-03-02T00:26:07Z">
          <reporter-output>
          </reporter-output>
        </test-method> <!-- end -->
        <test-method status="PASS" signature="setUp()[pri:0, instance:com.hrm.qa.testcases.HomePageTest@3c0ecd4b]" name="setUp" is-config="true" duration-ms="22876" started-at="2018-03-02T00:26:39Z" finished-at="2018-03-02T00:27:02Z">
          <reporter-output>
          </reporter-output>
        </test-method> <!-- setUp -->
        <test-method status="PASS" signature="validateWelcomAdminButtonEnableTest()[pri:2, instance:com.hrm.qa.testcases.HomePageTest@3c0ecd4b]" name="validateWelcomAdminButtonEnableTest" duration-ms="40" started-at="2018-03-02T00:27:02Z" finished-at="2018-03-02T00:27:02Z">
          <reporter-output>
          </reporter-output>
        </test-method> <!-- validateWelcomAdminButtonEnableTest -->
        <test-method status="PASS" signature="end()[pri:0, instance:com.hrm.qa.testcases.HomePageTest@3c0ecd4b]" name="end" is-config="true" duration-ms="848" started-at="2018-03-02T00:27:02Z" finished-at="2018-03-02T00:27:02Z">
          <reporter-output>
          </reporter-output>
        </test-method> <!-- end -->
        <test-method status="PASS" signature="setUp()[pri:0, instance:com.hrm.qa.testcases.HomePageTest@3c0ecd4b]" name="setUp" is-config="true" duration-ms="16138" started-at="2018-03-02T00:27:27Z" finished-at="2018-03-02T00:27:43Z">
          <reporter-output>
          </reporter-output>
        </test-method> <!-- setUp -->
        <test-method status="PASS" signature="validateAboutLinkButtonDisplayTest()[pri:3, instance:com.hrm.qa.testcases.HomePageTest@3c0ecd4b]" name="validateAboutLinkButtonDisplayTest" duration-ms="56" started-at="2018-03-02T00:27:43Z" finished-at="2018-03-02T00:27:43Z">
          <reporter-output>
          </reporter-output>
        </test-method> <!-- validateAboutLinkButtonDisplayTest -->
        <test-method status="PASS" signature="end()[pri:0, instance:com.hrm.qa.testcases.HomePageTest@3c0ecd4b]" name="end" is-config="true" duration-ms="474" started-at="2018-03-02T00:27:43Z" finished-at="2018-03-02T00:27:43Z">
          <reporter-output>
          </reporter-output>
        </test-method> <!-- end -->
        <test-method status="PASS" signature="setUp()[pri:0, instance:com.hrm.qa.testcases.HomePageTest@3c0ecd4b]" name="setUp" is-config="true" duration-ms="34673" started-at="2018-03-02T00:28:41Z" finished-at="2018-03-02T00:29:16Z">
          <reporter-output>
          </reporter-output>
        </test-method> <!-- setUp -->
        <test-method status="PASS" signature="validateAboutLinkButtonEnableTest()[pri:4, instance:com.hrm.qa.testcases.HomePageTest@3c0ecd4b]" name="validateAboutLinkButtonEnableTest" duration-ms="31" started-at="2018-03-02T00:29:16Z" finished-at="2018-03-02T00:29:16Z">
          <reporter-output>
          </reporter-output>
        </test-method> <!-- validateAboutLinkButtonEnableTest -->
        <test-method status="PASS" signature="end()[pri:0, instance:com.hrm.qa.testcases.HomePageTest@3c0ecd4b]" name="end" is-config="true" duration-ms="469" started-at="2018-03-02T00:29:16Z" finished-at="2018-03-02T00:29:17Z">
          <reporter-output>
          </reporter-output>
        </test-method> <!-- end -->
        <test-method status="PASS" signature="setUp()[pri:0, instance:com.hrm.qa.testcases.HomePageTest@3c0ecd4b]" name="setUp" is-config="true" duration-ms="16449" started-at="2018-03-02T00:29:39Z" finished-at="2018-03-02T00:29:55Z">
          <reporter-output>
          </reporter-output>
        </test-method> <!-- setUp -->
        <test-method status="PASS" signature="validatedLogoutButtonDisplayTest()[pri:5, instance:com.hrm.qa.testcases.HomePageTest@3c0ecd4b]" name="validatedLogoutButtonDisplayTest" duration-ms="70" started-at="2018-03-02T00:29:55Z" finished-at="2018-03-02T00:29:55Z">
          <reporter-output>
          </reporter-output>
        </test-method> <!-- validatedLogoutButtonDisplayTest -->
        <test-method status="PASS" signature="end()[pri:0, instance:com.hrm.qa.testcases.HomePageTest@3c0ecd4b]" name="end" is-config="true" duration-ms="311" started-at="2018-03-02T00:29:55Z" finished-at="2018-03-02T00:29:56Z">
          <reporter-output>
          </reporter-output>
        </test-method> <!-- end -->
        <test-method status="PASS" signature="setUp()[pri:0, instance:com.hrm.qa.testcases.HomePageTest@3c0ecd4b]" name="setUp" is-config="true" duration-ms="28751" started-at="2018-03-02T00:30:31Z" finished-at="2018-03-02T00:31:00Z">
          <reporter-output>
          </reporter-output>
        </test-method> <!-- setUp -->
        <test-method status="PASS" signature="validatedLogoutButtonEnableTest()[pri:6, instance:com.hrm.qa.testcases.HomePageTest@3c0ecd4b]" name="validatedLogoutButtonEnableTest" duration-ms="15" started-at="2018-03-02T00:31:00Z" finished-at="2018-03-02T00:31:00Z">
          <reporter-output>
          </reporter-output>
        </test-method> <!-- validatedLogoutButtonEnableTest -->
        <test-method status="PASS" signature="end()[pri:0, instance:com.hrm.qa.testcases.HomePageTest@3c0ecd4b]" name="end" is-config="true" duration-ms="438" started-at="2018-03-02T00:31:00Z" finished-at="2018-03-02T00:31:00Z">
          <reporter-output>
          </reporter-output>
        </test-method> <!-- end -->
        <test-method status="PASS" signature="setUp()[pri:0, instance:com.hrm.qa.testcases.HomePageTest@3c0ecd4b]" name="setUp" is-config="true" duration-ms="24796" started-at="2018-03-02T00:31:44Z" finished-at="2018-03-02T00:32:09Z">
          <reporter-output>
          </reporter-output>
        </test-method> <!-- setUp -->
        <test-method status="PASS" signature="validateAdminButtonTest()[pri:7, instance:com.hrm.qa.testcases.HomePageTest@3c0ecd4b]" name="validateAdminButtonTest" duration-ms="16" started-at="2018-03-02T00:32:09Z" finished-at="2018-03-02T00:32:09Z">
          <reporter-output>
          </reporter-output>
        </test-method> <!-- validateAdminButtonTest -->
        <test-method status="PASS" signature="end()[pri:0, instance:com.hrm.qa.testcases.HomePageTest@3c0ecd4b]" name="end" is-config="true" duration-ms="437" started-at="2018-03-02T00:32:09Z" finished-at="2018-03-02T00:32:09Z">
          <reporter-output>
          </reporter-output>
        </test-method> <!-- end -->
      </class> <!-- com.hrm.qa.testcases.HomePageTest -->
    </test> <!-- Test 1 -->
  </suite> <!-- suite -->
</testng-results>
